c:\users\hmoda\documents\project-ashen\implementaion\dev\ashen\ashen\x64\debug\vc143.pdb
c:\users\hmoda\documents\project-ashen\implementaion\dev\ashen\ashen\x64\debug\vc143.idb
c:\users\hmoda\documents\project-ashen\implementaion\dev\ashen\ashen\x64\debug\main.obj
c:\users\hmoda\documents\project-ashen\implementaion\dev\ashen\ashen\x64\debug\logger.obj
c:\users\hmoda\documents\project-ashen\implementaion\dev\ashen\ashen\x64\debug\parser.obj
c:\users\hmoda\documents\project-ashen\implementaion\dev\ashen\ashen\x64\debug\executor.obj
c:\users\hmoda\documents\project-ashen\implementaion\dev\ashen\ashen\x64\debug\commandbase.obj
c:\users\hmoda\documents\project-ashen\implementaion\dev\ashen\x64\debug\ashen.exe
c:\users\hmoda\documents\project-ashen\implementaion\dev\ashen\ashen\x64\debug\ashen.ilk
c:\users\hmoda\documents\project-ashen\implementaion\dev\ashen\x64\debug\ashen.pdb
c:\users\hmoda\documents\project-ashen\implementaion\dev\ashen\ashen\x64\debug\executor.obj.enc
c:\users\hmoda\documents\project-ashen\implementaion\dev\ashen\ashen\x64\debug\logger.new.obj.enc
c:\users\hmoda\documents\project-ashen\implementaion\dev\ashen\ashen\x64\debug\main.new.obj.enc
c:\users\hmoda\documents\project-ashen\implementaion\dev\ashen\ashen\x64\debug\parser.obj.enc
c:\users\hmoda\documents\project-ashen\implementaion\dev\ashen\ashen\x64\debug\ashen.tlog\cl.command.1.tlog
c:\users\hmoda\documents\project-ashen\implementaion\dev\ashen\ashen\x64\debug\ashen.tlog\cl.items.tlog
c:\users\hmoda\documents\project-ashen\implementaion\dev\ashen\ashen\x64\debug\ashen.tlog\cl.read.1.tlog
c:\users\hmoda\documents\project-ashen\implementaion\dev\ashen\ashen\x64\debug\ashen.tlog\cl.write.1.tlog
c:\users\hmoda\documents\project-ashen\implementaion\dev\ashen\ashen\x64\debug\ashen.tlog\link.command.1.tlog
c:\users\hmoda\documents\project-ashen\implementaion\dev\ashen\ashen\x64\debug\ashen.tlog\link.read.1.tlog
c:\users\hmoda\documents\project-ashen\implementaion\dev\ashen\ashen\x64\debug\ashen.tlog\link.write.1.tlog
